
======================================================================
🎬 X87 Player Customer Portal Starting...
======================================================================
📅 Current Time: 2025-11-22 18:21:10 UTC
👤 Current User: covchump
📁 Working Directory: /opt/iptv-panel/portal
🗄️ Database Path: /opt/iptv-panel/iptv_business.db
📊 Database found, checking for migrations...
✅ Database migrations completed
✅ Migrations completed successfully
✅ Database initialized successfully
✅ Database initialized successfully
📈 Database Stats:
   - Licenses: 1
   - Customers: 1

🌐 Portal Routes:
   - Home:           /  (redirects to login)
   - Login:          /login
   - Register:       /register/trial
   - Dashboard:      /dashboard
   - Logout:         /logout

📡 API Endpoints:
   - Health Check:   /api/health
   - Session Status: /api/session/status

🔒 Security:
   - Session Timeout: 24 hours
   - CORS Enabled:    API endpoints only

💡 Portal Features:
   ✅ Direct login (no plan selection page)
   ✅ Username/password authentication
   ✅ Customer dashboard
   ✅ Session management
   ✅ Responsive design

======================================================================
✅ Customer Portal ready!
🌐 Starting server on: http://0.0.0.0:5001
📱 Access locally at: http://localhost:5001
🌍 Access remotely at: http://YOUR_SERVER_IP:5001
======================================================================

 * Serving Flask app 'portal_main'
 * Debug mode: on
[31m[1mWARNING: This is a development server. Do not use it in a production deployment. Use a production WSGI server instead.[0m
 * Running on all addresses (0.0.0.0)
 * Running on http://127.0.0.1:5001
 * Running on http://217.154.17.128:5001
[33mPress CTRL+C to quit[0m
 * Restarting with stat
 * Debugger is active!
 * Debugger PIN: 117-091-193
127.0.0.1 - - [22/Nov/2025 18:21:59] "GET /api/health HTTP/1.1" 200 -
127.0.0.1 - - [22/Nov/2025 18:22:30] "GET /api/health HTTP/1.1" 200 -
127.0.0.1 - - [22/Nov/2025 18:23:00] "GET /api/health HTTP/1.1" 200 -
127.0.0.1 - - [22/Nov/2025 18:23:30] "GET /api/health HTTP/1.1" 200 -
127.0.0.1 - - [22/Nov/2025 18:24:00] "GET /api/health HTTP/1.1" 200 -
127.0.0.1 - - [22/Nov/2025 18:24:30] "GET /api/health HTTP/1.1" 200 -
127.0.0.1 - - [22/Nov/2025 18:25:00] "GET /api/health HTTP/1.1" 200 -
127.0.0.1 - - [22/Nov/2025 18:25:30] "GET /api/health HTTP/1.1" 200 -
127.0.0.1 - - [22/Nov/2025 18:26:12] "GET /api/health HTTP/1.1" 200 -
127.0.0.1 - - [22/Nov/2025 18:27:12] "GET /api/health HTTP/1.1" 200 -
127.0.0.1 - - [22/Nov/2025 18:28:12] "GET /api/health HTTP/1.1" 200 -
127.0.0.1 - - [22/Nov/2025 18:29:12] "GET /api/health HTTP/1.1" 200 -
127.0.0.1 - - [22/Nov/2025 18:30:12] "GET /api/health HTTP/1.1" 200 -
127.0.0.1 - - [22/Nov/2025 18:31:12] "GET /api/health HTTP/1.1" 200 -
127.0.0.1 - - [22/Nov/2025 18:32:12] "GET /api/health HTTP/1.1" 200 -
127.0.0.1 - - [22/Nov/2025 18:33:12] "GET /api/health HTTP/1.1" 200 -
127.0.0.1 - - [22/Nov/2025 18:34:12] "GET /api/health HTTP/1.1" 200 -
127.0.0.1 - - [22/Nov/2025 18:35:12] "GET /api/health HTTP/1.1" 200 -
127.0.0.1 - - [22/Nov/2025 18:36:12] "GET /api/health HTTP/1.1" 200 -
 * Detected change in '/opt/iptv-panel/complete_service_manager.py', reloading

======================================================================
🎬 X87 Player Customer Portal Starting...
======================================================================
📅 Current Time: 2025-11-22 18:21:11 UTC
👤 Current User: covchump
📁 Working Directory: /opt/iptv-panel/portal
🗄️ Database Path: /opt/iptv-panel/iptv_business.db
📊 Database found, checking for migrations...
✅ Database migrations completed
✅ Migrations completed successfully
✅ Database initialized successfully
✅ Database initialized successfully
📈 Database Stats:
   - Licenses: 1
   - Customers: 1

🌐 Portal Routes:
   - Home:           /  (redirects to login)
   - Login:          /login
   - Register:       /register/trial
   - Dashboard:      /dashboard
   - Logout:         /logout

📡 API Endpoints:
   - Health Check:   /api/health
   - Session Status: /api/session/status

🔒 Security:
   - Session Timeout: 24 hours
   - CORS Enabled:    API endpoints only

💡 Portal Features:
   ✅ Direct login (no plan selection page)
   ✅ Username/password authentication
   ✅ Customer dashboard
   ✅ Session management
   ✅ Responsive design

======================================================================
✅ Customer Portal ready!
🌐 Starting server on: http://0.0.0.0:5001
📱 Access locally at: http://localhost:5001
🌍 Access remotely at: http://YOUR_SERVER_IP:5001
======================================================================

 * Restarting with stat
 * Debugger is active!
 * Debugger PIN: 117-091-193
